2020-04-27 20:21:45,180:INFO:[set.info] found, reading file
2020-04-27 20:21:45,181:INFO:
0: 9.872
1: 11.237
2: 9.93
3: 10.218
4: 9.737
5: 9.035
6: 9.863
7: 10.442
8: 9.752
9: 9.915

2020-04-27 20:21:48,488:INFO:[TRAIN_SET] Epoch: [1] [0/60000] Loss: [2.313526]
2020-04-27 20:21:50,806:INFO:[TRAIN_SET] Epoch: [1] [1000/60000] Loss: [0.616806]
2020-04-27 20:21:52,924:INFO:[TRAIN_SET] Epoch: [1] [2000/60000] Loss: [0.660625]
2020-04-27 20:21:55,103:INFO:[TRAIN_SET] Epoch: [1] [3000/60000] Loss: [0.615530]
2020-04-27 20:21:57,308:INFO:[TRAIN_SET] Epoch: [1] [4000/60000] Loss: [0.560327]
2020-04-27 20:21:59,476:INFO:[TRAIN_SET] Epoch: [1] [5000/60000] Loss: [0.178357]
2020-04-27 20:22:01,987:INFO:[TRAIN_SET] Epoch: [1] [6000/60000] Loss: [0.063309]
2020-04-27 20:22:04,122:INFO:[TRAIN_SET] Epoch: [1] [7000/60000] Loss: [0.117893]
2020-04-27 20:22:06,261:INFO:[TRAIN_SET] Epoch: [1] [8000/60000] Loss: [0.889653]
2020-04-27 20:22:08,389:INFO:[TRAIN_SET] Epoch: [1] [9000/60000] Loss: [0.615775]
2020-04-27 20:22:10,544:INFO:[TRAIN_SET] Epoch: [1] [10000/60000] Loss: [0.400996]
2020-04-27 20:22:12,691:INFO:[TRAIN_SET] Epoch: [1] [11000/60000] Loss: [1.203822]
2020-04-27 20:22:15,010:INFO:[TRAIN_SET] Epoch: [1] [12000/60000] Loss: [0.472341]
2020-04-27 20:22:17,291:INFO:[TRAIN_SET] Epoch: [1] [13000/60000] Loss: [0.088457]
2020-04-27 20:22:19,597:INFO:[TRAIN_SET] Epoch: [1] [14000/60000] Loss: [0.402090]
2020-04-27 20:22:23,824:INFO:[TRAIN_SET] Epoch: [1] [15000/60000] Loss: [0.222117]
2020-04-27 20:22:25,986:INFO:[TRAIN_SET] Epoch: [1] [16000/60000] Loss: [0.023299]
2020-04-27 20:22:28,205:INFO:[TRAIN_SET] Epoch: [1] [17000/60000] Loss: [0.048070]
2020-04-27 20:22:30,447:INFO:[TRAIN_SET] Epoch: [1] [18000/60000] Loss: [0.479299]
2020-04-27 20:22:33,078:INFO:[TRAIN_SET] Epoch: [1] [19000/60000] Loss: [0.048842]
2020-04-27 20:22:35,238:INFO:[TRAIN_SET] Epoch: [1] [20000/60000] Loss: [0.046990]
2020-04-27 20:22:37,368:INFO:[TRAIN_SET] Epoch: [1] [21000/60000] Loss: [0.402592]
2020-04-27 20:22:39,562:INFO:[TRAIN_SET] Epoch: [1] [22000/60000] Loss: [0.356052]
2020-04-27 20:22:41,703:INFO:[TRAIN_SET] Epoch: [1] [23000/60000] Loss: [0.017580]
2020-04-27 20:22:43,863:INFO:[TRAIN_SET] Epoch: [1] [24000/60000] Loss: [0.144108]
2020-04-27 20:22:46,051:INFO:[TRAIN_SET] Epoch: [1] [25000/60000] Loss: [0.128652]
2020-04-27 20:22:48,214:INFO:[TRAIN_SET] Epoch: [1] [26000/60000] Loss: [0.318997]
2020-04-27 20:22:50,358:INFO:[TRAIN_SET] Epoch: [1] [27000/60000] Loss: [0.056544]
2020-04-27 20:22:52,740:INFO:[TRAIN_SET] Epoch: [1] [28000/60000] Loss: [0.002942]
2020-04-27 20:22:55,112:INFO:[TRAIN_SET] Epoch: [1] [29000/60000] Loss: [0.429080]
2020-04-27 20:22:57,352:INFO:[TRAIN_SET] Epoch: [1] [30000/60000] Loss: [0.142069]
2020-04-27 20:22:59,510:INFO:[TRAIN_SET] Epoch: [1] [31000/60000] Loss: [0.020423]
2020-04-27 20:23:01,651:INFO:[TRAIN_SET] Epoch: [1] [32000/60000] Loss: [0.038244]
2020-04-27 20:23:03,859:INFO:[TRAIN_SET] Epoch: [1] [33000/60000] Loss: [0.115904]
2020-04-27 20:23:06,715:INFO:[TRAIN_SET] Epoch: [1] [34000/60000] Loss: [0.283543]
2020-04-27 20:23:09,706:INFO:[TRAIN_SET] Epoch: [1] [35000/60000] Loss: [0.253915]
2020-04-27 20:23:11,933:INFO:[TRAIN_SET] Epoch: [1] [36000/60000] Loss: [0.021155]
2020-04-27 20:23:14,047:INFO:[TRAIN_SET] Epoch: [1] [37000/60000] Loss: [0.111584]
2020-04-27 20:23:17,386:INFO:[TRAIN_SET] Epoch: [1] [38000/60000] Loss: [0.205510]
2020-04-27 20:23:20,124:INFO:[TRAIN_SET] Epoch: [1] [39000/60000] Loss: [0.124922]
2020-04-27 20:23:22,288:INFO:[TRAIN_SET] Epoch: [1] [40000/60000] Loss: [0.006961]
2020-04-27 20:23:24,503:INFO:[TRAIN_SET] Epoch: [1] [41000/60000] Loss: [0.003461]
2020-04-27 20:23:27,779:INFO:[TRAIN_SET] Epoch: [1] [42000/60000] Loss: [0.011257]
2020-04-27 20:23:30,774:INFO:[TRAIN_SET] Epoch: [1] [43000/60000] Loss: [0.125929]
2020-04-27 20:23:32,944:INFO:[TRAIN_SET] Epoch: [1] [44000/60000] Loss: [0.980895]
2020-04-27 20:23:35,079:INFO:[TRAIN_SET] Epoch: [1] [45000/60000] Loss: [0.341225]
2020-04-27 20:23:37,248:INFO:[TRAIN_SET] Epoch: [1] [46000/60000] Loss: [0.004333]
2020-04-27 20:23:39,491:INFO:[TRAIN_SET] Epoch: [1] [47000/60000] Loss: [0.008298]
2020-04-27 20:23:41,624:INFO:[TRAIN_SET] Epoch: [1] [48000/60000] Loss: [0.021680]
2020-04-27 20:23:43,777:INFO:[TRAIN_SET] Epoch: [1] [49000/60000] Loss: [0.129155]
2020-04-27 20:23:45,927:INFO:[TRAIN_SET] Epoch: [1] [50000/60000] Loss: [0.007251]
2020-04-27 20:23:48,443:INFO:[TRAIN_SET] Epoch: [1] [51000/60000] Loss: [0.060362]
2020-04-27 20:23:50,669:INFO:[TRAIN_SET] Epoch: [1] [52000/60000] Loss: [0.001000]
2020-04-27 20:23:52,909:INFO:[TRAIN_SET] Epoch: [1] [53000/60000] Loss: [0.188033]
2020-04-27 20:23:55,284:INFO:[TRAIN_SET] Epoch: [1] [54000/60000] Loss: [0.029449]
2020-04-27 20:23:57,566:INFO:[TRAIN_SET] Epoch: [1] [55000/60000] Loss: [0.010717]
2020-04-27 20:23:59,965:INFO:[TRAIN_SET] Epoch: [1] [56000/60000] Loss: [0.031503]
2020-04-27 20:24:03,488:INFO:[TRAIN_SET] Epoch: [1] [57000/60000] Loss: [0.521951]
2020-04-27 20:24:05,823:INFO:[TRAIN_SET] Epoch: [1] [58000/60000] Loss: [0.174927]
2020-04-27 20:24:07,971:INFO:[TRAIN_SET] Epoch: [1] [59000/60000] Loss: [0.098346]
2020-04-27 20:24:10,514:DEBUG:[TRAIN_SET] Average loss during [1] epoch: [0.22782734246972056]
2020-04-27 20:24:10,514:INFO:[TRAIN_SET] Correct: [55801/60000] / Accuracy: ][93.0]%
2020-04-27 20:24:10,515:INFO:Executing function: [train_model] took [145.3341] seconds
2020-04-27 20:24:22,221:INFO:[TEST_SET] Correct: [9571/10000] / Accuracy: [95.7]%
2020-04-27 20:24:24,698:INFO:[TRAIN_SET] Epoch: [2] [0/60000] Loss: [0.010861]
2020-04-27 20:24:27,193:INFO:[TRAIN_SET] Epoch: [2] [1000/60000] Loss: [0.232243]
2020-04-27 20:24:29,337:INFO:[TRAIN_SET] Epoch: [2] [2000/60000] Loss: [0.060581]
2020-04-27 20:24:31,555:INFO:[TRAIN_SET] Epoch: [2] [3000/60000] Loss: [0.722813]
